<?xml version="1.0" encoding="UTF-8"?>
<testsuite name="com.users.app.service.UserServiceImplTest" tests="4" skipped="0" failures="0" errors="0" timestamp="2025-05-23T03:34:20.528Z" hostname="BOG1-LMC-MXMH2TWDJ5" time="0.46">
  <properties/>
  <testcase name="testCreateUser_withPhoneList()" classname="com.users.app.service.UserServiceImplTest" time="0.172"/>
  <testcase name="testCreateUser_withEmptyPhoneList()" classname="com.users.app.service.UserServiceImplTest" time="0.143"/>
  <testcase name="testCreateUser_withNullPhoneList()" classname="com.users.app.service.UserServiceImplTest" time="0.143"/>
  <testcase name="testCreateUser_shouldThrowUserAlreadyExistsExceptionWhenUserAlreadyExists()" classname="com.users.app.service.UserServiceImplTest" time="0.001"/>
  <system-out><![CDATA[]]></system-out>
  <system-err><![CDATA[]]></system-err>
</testsuite>
