<?xml version="1.0" encoding="UTF-8"?>
<testsuite name="com.users.app.util.JwtUtilTest" tests="4" skipped="0" failures="0" errors="0" timestamp="2025-05-23T03:34:20.995Z" hostname="BOG1-LMC-MXMH2TWDJ5" time="0.212">
  <properties/>
  <testcase name="testGenerateTokenAndExtractEmail_shouldGenerateTokenAndExtractEmailSuccessfully()" classname="com.users.app.util.JwtUtilTest" time="0.209"/>
  <testcase name="testIsTokenValid_shouldReturnTrueForValidToken()" classname="com.users.app.util.JwtUtilTest" time="0.001"/>
  <testcase name="testIsTokenValid_shouldThrowExceptionOnTamperedToken()" classname="com.users.app.util.JwtUtilTest" time="0.001"/>
  <testcase name="testIsTokenValid_shouldReturnFalseForInvalidToken()" classname="com.users.app.util.JwtUtilTest" time="0.001"/>
  <system-out><![CDATA[]]></system-out>
  <system-err><![CDATA[]]></system-err>
</testsuite>
