<?xml version="1.0" encoding="UTF-8"?>
<testsuite name="com.users.app.controller.UserSignUpControllerTest" tests="1" skipped="0" failures="0" errors="0" timestamp="2025-05-23T03:34:20.388Z" hostname="BOG1-LMC-MXMH2TWDJ5" time="0.014">
  <properties/>
  <testcase name="signUp_shouldReturnCreatedUserResponse()" classname="com.users.app.controller.UserSignUpControllerTest" time="0.014"/>
  <system-out><![CDATA[]]></system-out>
  <system-err><![CDATA[]]></system-err>
</testsuite>
