<?xml version="1.0" encoding="UTF-8"?>
<testsuite name="com.users.app.service.LoginServiceImplTest" tests="4" skipped="0" failures="0" errors="0" timestamp="2025-05-23T03:34:20.415Z" hostname="BOG1-LMC-MXMH2TWDJ5" time="0.106">
  <properties/>
  <testcase name="testLogin_shouldThrowUnauthorizedExceptionWhenTokenIsNotValid()" classname="com.users.app.service.LoginServiceImplTest" time="0.093"/>
  <testcase name="testLogin_shouldThrowNotFoundExceptionWhenUserDoesNotExist()" classname="com.users.app.service.LoginServiceImplTest" time="0.006"/>
  <testcase name="testLogin_shouldReturnUserInfo()" classname="com.users.app.service.LoginServiceImplTest" time="0.004"/>
  <testcase name="testLogin_shouldThrowUnauthorizedExceptionWhenUserIsNotActive()" classname="com.users.app.service.LoginServiceImplTest" time="0.001"/>
  <system-out><![CDATA[22:34:20.511 [Test worker] INFO com.users.app.service.impl.LoginServiceImpl - Extracted email: name@email.com
22:34:20.518 [Test worker] INFO com.users.app.service.impl.LoginServiceImpl - Extracted email: name@email.com
22:34:20.521 [Test worker] INFO com.users.app.service.impl.LoginServiceImpl - Extracted email: name@email.com
]]></system-out>
  <system-err><![CDATA[]]></system-err>
</testsuite>
